<?xml version="1.0" encoding="UTF-8"?>
<coverage generated="1677083559111" clover="3.2.0">
  <project timestamp="1677083559111" name="All files">
    <metrics statements="13" coveredstatements="5" conditionals="0" coveredconditionals="0" methods="2" coveredmethods="0" elements="15" coveredelements="5" complexity="0" loc="13" ncloc="13" packages="1" files="1" classes="1"/>
    <file name="messages.ts" path="/home/kalle/pkd-project/react-cryptochat/server/modular/messages.ts">
      <metrics statements="13" coveredstatements="5" conditionals="0" coveredconditionals="0" methods="2" coveredmethods="0"/>
      <line num="1" count="1" type="stmt"/>
      <line num="8" count="1" type="stmt"/>
      <line num="9" count="1" type="stmt"/>
      <line num="20" count="1" type="stmt"/>
      <line num="21" count="0" type="stmt"/>
      <line num="22" count="0" type="stmt"/>
      <line num="36" count="1" type="stmt"/>
      <line num="37" count="0" type="stmt"/>
      <line num="38" count="0" type="stmt"/>
      <line num="39" count="0" type="stmt"/>
      <line num="40" count="0" type="stmt"/>
      <line num="41" count="0" type="stmt"/>
      <line num="43" count="0" type="stmt"/>
    </file>
  </project>
</coverage>
