{"/home/kalle/pkd-project/react-cryptochat/server/modular/messages.ts": {"path":"/home/kalle/pkd-project/react-cryptochat/server/modular/messages.ts","statementMap":{"0":{"start":{"line":1,"column":0},"end":{"line":1,"column":52}},"1":{"start":{"line":8,"column":18},"end":{"line":8,"column":36}},"2":{"start":{"line":9,"column":13},"end":{"line":9,"column":31}},"3":{"start":{"line":20,"column":0},"end":{"line":23,"column":3}},"4":{"start":{"line":21,"column":25},"end":{"line":21,"column":34}},"5":{"start":{"line":22,"column":4},"end":{"line":22,"column":39}},"6":{"start":{"line":36,"column":0},"end":{"line":45,"column":null}},"7":{"start":{"line":37,"column":38},"end":{"line":37,"column":46}},"8":{"start":{"line":37,"column":24},"end":{"line":37,"column":26}},"9":{"start":{"line":37,"column":34},"end":{"line":37,"column":38}},"10":{"start":{"line":38,"column":4},"end":{"line":44,"column":null}},"11":{"start":{"line":39,"column":29},"end":{"line":39,"column":72}},"12":{"start":{"line":40,"column":8},"end":{"line":40,"column":28}},"13":{"start":{"line":41,"column":8},"end":{"line":41,"column":34}},"14":{"start":{"line":43,"column":8},"end":{"line":43,"column":51}}},"fnMap":{"0":{"name":"(anonymous_0)","decl":{"start":{"line":20,"column":16},"end":{"line":20,"column":17}},"loc":{"start":{"line":20,"column":44},"end":{"line":23,"column":1}}},"1":{"name":"(anonymous_1)","decl":{"start":{"line":36,"column":17},"end":{"line":36,"column":18}},"loc":{"start":{"line":36,"column":45},"end":{"line":45,"column":1}}}},"branchMap":{},"s":{"0":1,"1":1,"2":1,"3":1,"4":0,"5":0,"6":1,"7":0,"8":0,"9":0,"10":0,"11":0,"12":0,"13":0,"14":0},"f":{"0":0,"1":0},"b":{}}
}
